<?xml version="1.0" encoding="UTF-8"?>
<!-- Generated by org.testng.reporters.JUnitReportReporter -->
<testsuite name="runners.TestRunnerTestNg" tests="1" time="79.687" ignored="0" failures="0" timestamp="17 nov 2022 18:14:18 GMT" skipped="0" hostname="General-PC" errors="0">
  <testcase name="feature" time="79.687" classname="runners.TestRunnerTestNg"/>
</testsuite> <!-- runners.TestRunnerTestNg -->
